2015-05-05 17:02:20,896 ERROR SolarWinds.Orion.Core.Common.CoreErrorHandler - Error occured on Business Layer call. Type:
java.lang.NullPointerException
                at com.solarwinds.data.query.processor.UriConditionOptimizer.visit(UriConditionOptimizer.java:310)
                at com.solarwinds.data.query.processor.UriConditionOptimizer.visit(UriConditionOptimizer.java:46)
                at com.solarwinds.data.swql.ast.SwqlExpressionVisitorOfT.visit(SwqlExpressionVisitorOfT.java:162)
                at com.solarwinds.data.swql.ast.DefaultSwqlExpressionVisitorOfT.visit(DefaultSwqlExpressionVisitorOfT.java:5)
                at com.solarwinds.data.swql.ast.SelectStatement.accept(SelectStatement.java:305)
                at com.solarwinds.data.query.processor.UriConditionOptimizer.process(UriConditionOptimizer.java:77)
                at com.solarwinds.data.query.processor.PreProcessor.processInternal(PreProcessor.java:81)
                at com.solarwinds.data.query.processor.PreProcessor.process(PreProcessor.java:62)
                at com.solarwinds.data.query.engine.QueryProcessor.processInternal(QueryProcessor.java:80)
                at com.solarwinds.data.query.engine.QueryProcessor.processQueryWithDeferredReaderCreation(QueryProcessor.java:62)
                at com.solarwinds.data.query.engine.QueryProcessor.processQuery(QueryProcessor.java:52)
                at com.solarwinds.informationservice.InformationService.query(InformationService.java:304)
                at com.solarwinds.informationservice.service.soap.SwisEndpoint.queryXml(SwisEndpoint.java:124)
                at sun.reflect.GeneratedMethodAccessor874.invoke(Unknown Source)
                at sun.reflect.DelegatingMethodAccessorImpl.invoke(DelegatingMethodAccessorImpl.java:25)
                at java.lang.reflect.Method.invoke(Method.java:597)
                at org.springframework.ws.server.endpoint.MethodEndpoint.invoke(MethodEndpoint.java:115)
                at org.springframework.ws.server.endpoint.adapter.MarshallingMethodEndpointAdapter.invokeInternal(MarshallingMethodEndpointAdapter.java:135)
                at org.springframework.ws.server.endpoint.adapter.AbstractMethodEndpointAdapter.invoke(AbstractMethodEndpointAdapter.java:58)
                at org.springframework.ws.server.MessageDispatcher.dispatch(MessageDispatcher.java:221)
                at org.springframework.ws.server.MessageDispatcher.receive(MessageDispatcher.java:168)
                at org.springframework.ws.transport.support.WebServiceMessageReceiverObjectSupport.handleConnection(WebServiceMessageReceiverObjectSupport.java:88)
                at org.springframework.ws.transport.http.WebServiceMessageReceiverHandlerAdapter.handle(WebServiceMessageReceiverHandlerAdapter.java:57)
                at org.springframework.ws.transport.http.MessageDispatcherServlet.doService(MessageDispatcherServlet.java:230)
                at org.springframework.web.servlet.FrameworkServlet.processRequest(FrameworkServlet.java:882)
                at org.springframework.web.servlet.FrameworkServlet.doPost(FrameworkServlet.java:789)
                at javax.servlet.http.HttpServlet.service(HttpServlet.java:643)
                at javax.servlet.http.HttpServlet.service(HttpServlet.java:723)
                at org.apache.catalina.core.ApplicationFilterChain.internalDoFilter(ApplicationFilterChain.java:290)
                at org.apache.catalina.core.ApplicationFilterChain.doFilter(ApplicationFilterChain.java:206)
                at org.springframework.security.web.FilterChainProxy$VirtualFilterChain.doFilter(FilterChainProxy.java:330)
                at org.springframework.security.web.access.intercept.FilterSecurityInterceptor.invoke(FilterSecurityInterceptor.java:118)
                at org.springframework.security.web.access.intercept.FilterSecurityInterceptor.doFilter(FilterSecurityInterceptor.java:84)
                at org.springframework.security.web.FilterChainProxy$VirtualFilterChain.doFilter(FilterChainProxy.java:342)
                at org.springframework.security.web.access.ExceptionTranslationFilter.doFilter(ExceptionTranslationFilter.java:113)
                at org.springframework.security.web.FilterChainProxy$VirtualFilterChain.doFilter(FilterChainProxy.java:342)
                at org.springframework.security.web.authentication.AnonymousAuthenticationFilter.doFilter(AnonymousAuthenticationFilter.java:113)
                at org.springframework.security.web.FilterChainProxy$VirtualFilterChain.doFilter(FilterChainProxy.java:342)
                at org.springframework.security.web.servletapi.SecurityContextHolderAwareRequestFilter.doFilter(SecurityContextHolderAwareRequestFilter.java:54)
                at org.springframework.security.web.FilterChainProxy$VirtualFilterChain.doFilter(FilterChainProxy.java:342)
                at org.springframework.security.web.authentication.www.BasicAuthenticationFilter.doFilter(BasicAuthenticationFilter.java:201)
                at org.springframework.security.web.FilterChainProxy$VirtualFilterChain.doFilter(FilterChainProxy.java:342)
                at org.springframework.security.web.context.SecurityContextPersistenceFilter.doFilter(SecurityContextPersistenceFilter.java:87)
                at org.springframework.security.web.FilterChainProxy$VirtualFilterChain.doFilter(FilterChainProxy.java:342)
                at org.springframework.security.web.FilterChainProxy.doFilterInternal(FilterChainProxy.java:192)
                at org.springframework.security.web.FilterChainProxy.doFilter(FilterChainProxy.java:160)
                at org.springframework.web.filter.DelegatingFilterProxy.invokeDelegate(DelegatingFilterProxy.java:346)
                at org.springframework.web.filter.DelegatingFilterProxy.doFilter(DelegatingFilterProxy.java:259)
                at com.confio.iwc.security.CustomDelegatingFilterProxy.doFilter(SourceFile:39)
                at org.apache.catalina.core.ApplicationFilterChain.internalDoFilter(ApplicationFilterChain.java:235)
                at org.apache.catalina.core.ApplicationFilterChain.doFilter(ApplicationFilterChain.java:206)
                at org.springframework.web.filter.CharacterEncodingFilter.doFilterInternal(CharacterEncodingFilter.java:88)
                at org.springframework.web.filter.OncePerRequestFilter.doFilter(OncePerRequestFilter.java:76)
                at org.apache.catalina.core.ApplicationFilterChain.internalDoFilter(ApplicationFilterChain.java:235)
                at org.apache.catalina.core.ApplicationFilterChain.doFilter(ApplicationFilterChain.java:206)
                at com.opensymphony.module.sitemesh.filter.PageFilter.doFilter(PageFilter.java:39)
                at org.apache.catalina.core.ApplicationFilterChain.internalDoFilter(ApplicationFilterChain.java:235)
                at org.apache.catalina.core.ApplicationFilterChain.doFilter(ApplicationFilterChain.java:206)
                at org.apache.catalina.core.StandardWrapperValve.invoke(StandardWrapperValve.java:233)
                at org.apache.catalina.core.StandardContextValve.invoke(StandardContextValve.java:191)
                at org.apache.catalina.core.StandardHostValve.invoke(StandardHostValve.java:127)
                at org.apache.catalina.valves.ErrorReportValve.invoke(ErrorReportValve.java:103)
                at org.apache.catalina.core.StandardEngineValve.invoke(StandardEngineValve.java:109)
                at org.apache.catalina.connector.CoyoteAdapter.service(CoyoteAdapter.java:293)
                at org.apache.coyote.http11.Http11Processor.process(Http11Processor.java:861)
                at org.apache.coyote.http11.Http11Protocol$Http11ConnectionHandler.process(Http11Protocol.java:606)
                at org.apache.tomcat.util.net.JIoEndpoint$Worker.run(JIoEndpoint.java:489)
                at java.lang.Thread.run(Thread.java:662)
2015-05-05 17:02:20,897 ERROR SolarWinds.Orion.Core.Common.CoreErrorHandler - Error occured on Business Layer call. Type:
